{
  "numFailedTestSuites": 0,
  "numFailedTests": 0,
  "numPassedTestSuites": 1,
  "numPassedTests": 1,
  "numPendingTestSuites": 0,
  "numPendingTests": 0,
  "numRuntimeErrorTestSuites": 0,
  "numTodoTests": 0,
  "numTotalTestSuites": 1,
  "numTotalTests": 1,
  "openHandles": [],
  "snapshot": {
    "added": 0,
    "didUpdate": false,
    "failure": false,
    "filesAdded": 0,
    "filesRemoved": 0,
    "filesRemovedList": [],
    "filesUnmatched": 0,
    "filesUpdated": 0,
    "matched": 1,
    "total": 1,
    "unchecked": 0,
    "uncheckedKeysByFile": [],
    "unmatched": 0,
    "updated": 0
  },
  "startTime": 1595882272489,
  "success": true,
  "testResults": [
    {
      "assertionResults": [
        {
          "ancestorTitles": [],
          "failureMessages": [],
          "fullName": "Button scenarios",
          "location": null,
          "status": "passed",
          "title": "Button scenarios"
        }
      ],
      "endTime": 1595882274677,
      "message": "",
      "name": "/Users/leonardoalmeidamarques/dev/tbs-games/packages/components/src/button/Button.test.tsx",
      "startTime": 1595882273510,
      "status": "passed",
      "summary": ""
    }
  ],
  "wasInterrupted": false
}
