{
  "numFailedTestSuites": 0,
  "numFailedTests": 0,
  "numPassedTestSuites": 3,
  "numPassedTests": 3,
  "numPendingTestSuites": 0,
  "numPendingTests": 0,
  "numRuntimeErrorTestSuites": 0,
  "numTodoTests": 0,
  "numTotalTestSuites": 3,
  "numTotalTests": 3,
  "openHandles": [],
  "snapshot": {
    "added": 0,
    "didUpdate": true,
    "failure": false,
    "filesAdded": 0,
    "filesRemoved": 0,
    "filesRemovedList": [],
    "filesUnmatched": 0,
    "filesUpdated": 1,
    "matched": 2,
    "total": 3,
    "unchecked": 0,
    "uncheckedKeysByFile": [],
    "unmatched": 0,
    "updated": 1
  },
  "startTime": 1596038404056,
  "success": true,
  "testResults": [
    {
      "assertionResults": [
        {
          "ancestorTitles": [],
          "failureMessages": [],
          "fullName": "Button scenarios",
          "location": null,
          "status": "passed",
          "title": "Button scenarios"
        }
      ],
      "endTime": 1596038406626,
      "message": "",
      "name": "/Users/leonardoalmeidamarques/dev/tbs-games/packages/components/src/button/Button.test.tsx",
      "startTime": 1596038405471,
      "status": "passed",
      "summary": ""
    },
    {
      "assertionResults": [
        {
          "ancestorTitles": [],
          "failureMessages": [],
          "fullName": "Input scenarios",
          "location": null,
          "status": "passed",
          "title": "Input scenarios"
        }
      ],
      "endTime": 1596038406632,
      "message": "",
      "name": "/Users/leonardoalmeidamarques/dev/tbs-games/packages/components/src/input/Input.test.tsx",
      "startTime": 1596038405471,
      "status": "passed",
      "summary": ""
    },
    {
      "assertionResults": [
        {
          "ancestorTitles": [],
          "failureMessages": [],
          "fullName": "Toaster scenarios",
          "location": null,
          "status": "passed",
          "title": "Toaster scenarios"
        }
      ],
      "endTime": 1596038406644,
      "message": "",
      "name": "/Users/leonardoalmeidamarques/dev/tbs-games/packages/components/src/toaster/Toaster.test.tsx",
      "startTime": 1596038405475,
      "status": "passed",
      "summary": ""
    }
  ],
  "wasInterrupted": false
}
